app/build/intermediates/manifest_merge_blame_file/debug/manifest-merger-blame-debug-report.txt
1<?xml version="1.0" encoding="utf-8"?>
2<manifest xmlns:android="http://schemas.android.com/apk/res/android"
3    package="com.example.formosafashionhub"
4    android:versionCode="1"
5    android:versionName="1.0" >
6
7    <uses-sdk
8        android:minSdkVersion="21"
8-->src\main\AndroidManifest.xml
9        android:targetSdkVersion="33" />
9-->src\main\AndroidManifest.xml
10
11    <uses-feature
11-->src\main\AndroidManifest.xml:5:5-7:35
12        android:name="android.hardware.telephony"
12-->src\main\AndroidManifest.xml:6:9-50
13        android:required="true" />
13-->src\main\AndroidManifest.xml:7:9-32
14
15    <uses-permission android:name="android.permission.INTERNET" />
15-->src\main\AndroidManifest.xml:9:5-67
15-->src\main\AndroidManifest.xml:9:22-64
16    <uses-permission
16-->src\main\AndroidManifest.xml:10:5-12:38
17        android:name="android.permission.READ_EXTERNAL_STORAGE"
17-->src\main\AndroidManifest.xml:11:9-64
18        android:maxSdkVersion="32" />
18-->src\main\AndroidManifest.xml:12:9-35
19    <uses-permission
19-->src\main\AndroidManifest.xml:13:5-16:40
20        android:name="android.permission.WRITE_EXTERNAL_STORAGE"
20-->src\main\AndroidManifest.xml:14:9-65
21        android:maxSdkVersion="32" />
21-->src\main\AndroidManifest.xml:15:9-35
22    <uses-permission android:name="android.permission.CALL_PHONE" />
22-->src\main\AndroidManifest.xml:17:5-69
22-->src\main\AndroidManifest.xml:17:22-66
23    <uses-permission android:name="android.permission.ACCESS_NETWORK_STATE" />
23-->[com.google.firebase:firebase-auth:21.3.0] AndroidManifest.xml:26:5-79
23-->[com.google.firebase:firebase-auth:21.3.0] AndroidManifest.xml:26:22-76
24
25    <permission
25-->[androidx.core:core:1.9.0] AndroidManifest.xml:22:5-24:47
26        android:name="com.example.formosafashionhub.DYNAMIC_RECEIVER_NOT_EXPORTED_PERMISSION"
26-->[androidx.core:core:1.9.0] AndroidManifest.xml:23:9-81
27        android:protectionLevel="signature" />
27-->[androidx.core:core:1.9.0] AndroidManifest.xml:24:9-44
28
29    <uses-permission android:name="com.example.formosafashionhub.DYNAMIC_RECEIVER_NOT_EXPORTED_PERMISSION" />
29-->[androidx.core:core:1.9.0] AndroidManifest.xml:26:5-97
29-->[androidx.core:core:1.9.0] AndroidManifest.xml:26:22-94
30
31    <application
31-->src\main\AndroidManifest.xml:19:5-92:19
32        android:allowBackup="true"
32-->src\main\AndroidManifest.xml:20:9-35
33        android:appCategory="audio"
33-->src\main\AndroidManifest.xml:21:9-36
34        android:appComponentFactory="androidx.core.app.CoreComponentFactory"
34-->[androidx.core:core:1.9.0] AndroidManifest.xml:28:18-86
35        android:dataExtractionRules="@xml/data_extraction_rules"
35-->src\main\AndroidManifest.xml:22:9-65
36        android:debuggable="true"
37        android:fullBackupContent="@xml/backup_rules"
37-->src\main\AndroidManifest.xml:23:9-54
38        android:icon="@drawable/app_main_logo"
38-->src\main\AndroidManifest.xml:24:9-47
39        android:label="@string/app_name"
39-->src\main\AndroidManifest.xml:25:9-41
40        android:roundIcon="@drawable/app_main_logo"
40-->src\main\AndroidManifest.xml:26:9-52
41        android:supportsRtl="true"
41-->src\main\AndroidManifest.xml:27:9-35
42        android:testOnly="true"
43        android:theme="@style/Theme.FormosaFashionHub" >
43-->src\main\AndroidManifest.xml:28:9-55
44        <activity
44-->src\main\AndroidManifest.xml:30:9-32:40
45            android:name="com.example.formosafashionhub.clothesactivities.ShirtsActivity"
45-->src\main\AndroidManifest.xml:31:13-61
46            android:exported="false" />
46-->src\main\AndroidManifest.xml:32:13-37
47        <activity
47-->src\main\AndroidManifest.xml:33:9-35:40
48            android:name="com.example.formosafashionhub.uploadactivities.DressesUploadActivity"
48-->src\main\AndroidManifest.xml:34:13-67
49            android:exported="false" />
49-->src\main\AndroidManifest.xml:35:13-37
50        <activity
50-->src\main\AndroidManifest.xml:36:9-38:40
51            android:name="com.example.formosafashionhub.uploadactivities.TrousersUploadActivity"
51-->src\main\AndroidManifest.xml:37:13-68
52            android:exported="false" />
52-->src\main\AndroidManifest.xml:38:13-37
53        <activity
53-->src\main\AndroidManifest.xml:39:9-41:40
54            android:name="com.example.formosafashionhub.uploadactivities.SportswearUploadActivity"
54-->src\main\AndroidManifest.xml:40:13-70
55            android:exported="false" />
55-->src\main\AndroidManifest.xml:41:13-37
56        <activity
56-->src\main\AndroidManifest.xml:42:9-44:40
57            android:name="com.example.formosafashionhub.uploadactivities.OthersUploadActivity"
57-->src\main\AndroidManifest.xml:43:13-66
58            android:exported="false" />
58-->src\main\AndroidManifest.xml:44:13-37
59        <activity
59-->src\main\AndroidManifest.xml:45:9-47:40
60            android:name="com.example.formosafashionhub.uploadactivities.JacketsUploadActivity"
60-->src\main\AndroidManifest.xml:46:13-67
61            android:exported="false" />
61-->src\main\AndroidManifest.xml:47:13-37
62        <activity
62-->src\main\AndroidManifest.xml:48:9-50:40
63            android:name="com.example.formosafashionhub.uploadactivities.ShirtsUploadActivity"
63-->src\main\AndroidManifest.xml:49:13-66
64            android:exported="false" />
64-->src\main\AndroidManifest.xml:50:13-37
65        <activity
65-->src\main\AndroidManifest.xml:51:9-53:40
66            android:name="com.example.formosafashionhub.SplashActivity"
66-->src\main\AndroidManifest.xml:52:13-43
67            android:exported="false" />
67-->src\main\AndroidManifest.xml:53:13-37
68        <activity
68-->src\main\AndroidManifest.xml:54:9-56:40
69            android:name="com.example.formosafashionhub.ClothesUploadActivity"
69-->src\main\AndroidManifest.xml:55:13-50
70            android:exported="false" />
70-->src\main\AndroidManifest.xml:56:13-37
71        <activity
71-->src\main\AndroidManifest.xml:57:9-59:40
72            android:name="com.example.formosafashionhub.CategoriesActivity"
72-->src\main\AndroidManifest.xml:58:13-47
73            android:exported="false" />
73-->src\main\AndroidManifest.xml:59:13-37
74        <activity
74-->src\main\AndroidManifest.xml:60:9-62:40
75            android:name="com.example.formosafashionhub.AboutUsActivity"
75-->src\main\AndroidManifest.xml:61:13-44
76            android:exported="false" />
76-->src\main\AndroidManifest.xml:62:13-37
77        <activity
77-->src\main\AndroidManifest.xml:63:9-65:40
78            android:name="com.example.formosafashionhub.ContactUsActivity"
78-->src\main\AndroidManifest.xml:64:13-46
79            android:exported="false" />
79-->src\main\AndroidManifest.xml:65:13-37
80        <activity
80-->src\main\AndroidManifest.xml:66:9-68:40
81            android:name="com.example.formosafashionhub.ViewActivity"
81-->src\main\AndroidManifest.xml:67:13-41
82            android:exported="false" />
82-->src\main\AndroidManifest.xml:68:13-37
83        <activity
83-->src\main\AndroidManifest.xml:69:9-71:40
84            android:name="com.example.formosafashionhub.uploadactivities.AdminActivity"
84-->src\main\AndroidManifest.xml:70:13-59
85            android:exported="false" />
85-->src\main\AndroidManifest.xml:71:13-37
86
87        <meta-data
87-->src\main\AndroidManifest.xml:73:9-75:59
88            android:name="com.google.android.gms.car.application"
88-->src\main\AndroidManifest.xml:74:13-66
89            android:resource="@xml/automotive_app_desc" />
89-->src\main\AndroidManifest.xml:75:13-56
90
91        <activity
91-->src\main\AndroidManifest.xml:77:9-85:20
92            android:name="com.example.formosafashionhub.LoginActivity"
92-->src\main\AndroidManifest.xml:78:13-42
93            android:exported="true" >
93-->src\main\AndroidManifest.xml:79:13-36
94            <intent-filter>
94-->src\main\AndroidManifest.xml:80:13-84:29
95                <action android:name="android.intent.action.MAIN" />
95-->src\main\AndroidManifest.xml:81:17-69
95-->src\main\AndroidManifest.xml:81:25-66
96
97                <category android:name="android.intent.category.LAUNCHER" />
97-->src\main\AndroidManifest.xml:83:17-77
97-->src\main\AndroidManifest.xml:83:27-74
98            </intent-filter>
99        </activity>
100        <activity
100-->src\main\AndroidManifest.xml:86:9-88:40
101            android:name="com.example.formosafashionhub.RegisterActivity"
101-->src\main\AndroidManifest.xml:87:13-45
102            android:exported="false" />
102-->src\main\AndroidManifest.xml:88:13-37
103        <activity
103-->src\main\AndroidManifest.xml:89:9-91:40
104            android:name="com.example.formosafashionhub.MainActivity"
104-->src\main\AndroidManifest.xml:90:13-41
105            android:exported="false" />
105-->src\main\AndroidManifest.xml:91:13-37
106
107        <service
107-->[com.google.firebase:firebase-database-ktx:20.2.0] AndroidManifest.xml:11:9-17:19
108            android:name="com.google.firebase.components.ComponentDiscoveryService"
108-->[com.google.firebase:firebase-database-ktx:20.2.0] AndroidManifest.xml:12:13-84
109            android:directBootAware="true"
109-->[com.google.firebase:firebase-common:20.3.2] AndroidManifest.xml:34:13-43
110            android:exported="false" >
110-->[com.google.firebase:firebase-database-ktx:20.2.0] AndroidManifest.xml:13:13-37
111            <meta-data
111-->[com.google.firebase:firebase-database-ktx:20.2.0] AndroidManifest.xml:14:13-16:85
112                android:name="com.google.firebase.components:com.google.firebase.database.ktx.FirebaseDatabaseKtxRegistrar"
112-->[com.google.firebase:firebase-database-ktx:20.2.0] AndroidManifest.xml:15:17-124
113                android:value="com.google.firebase.components.ComponentRegistrar" />
113-->[com.google.firebase:firebase-database-ktx:20.2.0] AndroidManifest.xml:16:17-82
114            <meta-data
114-->[com.google.firebase:firebase-auth-ktx:21.3.0] AndroidManifest.xml:11:13-13:85
115                android:name="com.google.firebase.components:com.google.firebase.auth.ktx.FirebaseAuthKtxRegistrar"
115-->[com.google.firebase:firebase-auth-ktx:21.3.0] AndroidManifest.xml:12:17-116
116                android:value="com.google.firebase.components.ComponentRegistrar" />
116-->[com.google.firebase:firebase-auth-ktx:21.3.0] AndroidManifest.xml:13:17-82
117            <meta-data
117-->[com.google.firebase:firebase-auth:21.3.0] AndroidManifest.xml:69:13-71:85
118                android:name="com.google.firebase.components:com.google.firebase.auth.FirebaseAuthRegistrar"
118-->[com.google.firebase:firebase-auth:21.3.0] AndroidManifest.xml:70:17-109
119                android:value="com.google.firebase.components.ComponentRegistrar" />
119-->[com.google.firebase:firebase-auth:21.3.0] AndroidManifest.xml:71:17-82
120            <meta-data
120-->[com.google.firebase:firebase-common-ktx:20.3.2] AndroidManifest.xml:14:13-16:85
121                android:name="com.google.firebase.components:com.google.firebase.ktx.FirebaseCommonKtxRegistrar"
121-->[com.google.firebase:firebase-common-ktx:20.3.2] AndroidManifest.xml:15:17-113
122                android:value="com.google.firebase.components.ComponentRegistrar" />
122-->[com.google.firebase:firebase-common-ktx:20.3.2] AndroidManifest.xml:16:17-82
123            <meta-data
123-->[com.google.firebase:firebase-storage:20.1.0] AndroidManifest.xml:32:13-34:85
124                android:name="com.google.firebase.components:com.google.firebase.storage.StorageRegistrar"
124-->[com.google.firebase:firebase-storage:20.1.0] AndroidManifest.xml:33:17-107
125                android:value="com.google.firebase.components.ComponentRegistrar" />
125-->[com.google.firebase:firebase-storage:20.1.0] AndroidManifest.xml:34:17-82
126            <meta-data
126-->[com.google.firebase:firebase-database:20.2.0] AndroidManifest.xml:31:13-33:85
127                android:name="com.google.firebase.components:com.google.firebase.database.DatabaseRegistrar"
127-->[com.google.firebase:firebase-database:20.2.0] AndroidManifest.xml:32:17-109
128                android:value="com.google.firebase.components.ComponentRegistrar" />
128-->[com.google.firebase:firebase-database:20.2.0] AndroidManifest.xml:33:17-82
129            <meta-data
129-->[com.google.firebase:firebase-firestore:24.5.0] AndroidManifest.xml:19:13-21:85
130                android:name="com.google.firebase.components:com.google.firebase.firestore.FirestoreRegistrar"
130-->[com.google.firebase:firebase-firestore:24.5.0] AndroidManifest.xml:20:17-111
131                android:value="com.google.firebase.components.ComponentRegistrar" />
131-->[com.google.firebase:firebase-firestore:24.5.0] AndroidManifest.xml:21:17-82
132        </service>
133
134        <activity
134-->[com.google.firebase:firebase-auth:21.3.0] AndroidManifest.xml:29:9-46:20
135            android:name="com.google.firebase.auth.internal.GenericIdpActivity"
135-->[com.google.firebase:firebase-auth:21.3.0] AndroidManifest.xml:30:13-80
136            android:excludeFromRecents="true"
136-->[com.google.firebase:firebase-auth:21.3.0] AndroidManifest.xml:31:13-46
137            android:exported="true"
137-->[com.google.firebase:firebase-auth:21.3.0] AndroidManifest.xml:32:13-36
138            android:launchMode="singleTask"
138-->[com.google.firebase:firebase-auth:21.3.0] AndroidManifest.xml:33:13-44
139            android:theme="@android:style/Theme.Translucent.NoTitleBar" >
139-->[com.google.firebase:firebase-auth:21.3.0] AndroidManifest.xml:34:13-72
140            <intent-filter>
140-->[com.google.firebase:firebase-auth:21.3.0] AndroidManifest.xml:35:13-45:29
141                <action android:name="android.intent.action.VIEW" />
141-->[com.google.firebase:firebase-auth:21.3.0] AndroidManifest.xml:36:17-69
141-->[com.google.firebase:firebase-auth:21.3.0] AndroidManifest.xml:36:25-66
142
143                <category android:name="android.intent.category.DEFAULT" />
143-->[com.google.firebase:firebase-auth:21.3.0] AndroidManifest.xml:38:17-76
143-->[com.google.firebase:firebase-auth:21.3.0] AndroidManifest.xml:38:27-73
144                <category android:name="android.intent.category.BROWSABLE" />
144-->[com.google.firebase:firebase-auth:21.3.0] AndroidManifest.xml:39:17-78
144-->[com.google.firebase:firebase-auth:21.3.0] AndroidManifest.xml:39:27-75
145
146                <data
146-->[com.google.firebase:firebase-auth:21.3.0] AndroidManifest.xml:41:17-44:51
147                    android:host="firebase.auth"
147-->[com.google.firebase:firebase-auth:21.3.0] AndroidManifest.xml:42:21-49
148                    android:path="/"
148-->[com.google.firebase:firebase-auth:21.3.0] AndroidManifest.xml:43:21-37
149                    android:scheme="genericidp" />
149-->[com.google.firebase:firebase-auth:21.3.0] AndroidManifest.xml:44:21-48
150            </intent-filter>
151        </activity>
152        <activity
152-->[com.google.firebase:firebase-auth:21.3.0] AndroidManifest.xml:47:9-64:20
153            android:name="com.google.firebase.auth.internal.RecaptchaActivity"
153-->[com.google.firebase:firebase-auth:21.3.0] AndroidManifest.xml:48:13-79
154            android:excludeFromRecents="true"
154-->[com.google.firebase:firebase-auth:21.3.0] AndroidManifest.xml:49:13-46
155            android:exported="true"
155-->[com.google.firebase:firebase-auth:21.3.0] AndroidManifest.xml:50:13-36
156            android:launchMode="singleTask"
156-->[com.google.firebase:firebase-auth:21.3.0] AndroidManifest.xml:51:13-44
157            android:theme="@android:style/Theme.Translucent.NoTitleBar" >
157-->[com.google.firebase:firebase-auth:21.3.0] AndroidManifest.xml:52:13-72
158            <intent-filter>
158-->[com.google.firebase:firebase-auth:21.3.0] AndroidManifest.xml:53:13-63:29
159                <action android:name="android.intent.action.VIEW" />
159-->[com.google.firebase:firebase-auth:21.3.0] AndroidManifest.xml:36:17-69
159-->[com.google.firebase:firebase-auth:21.3.0] AndroidManifest.xml:36:25-66
160
161                <category android:name="android.intent.category.DEFAULT" />
161-->[com.google.firebase:firebase-auth:21.3.0] AndroidManifest.xml:38:17-76
161-->[com.google.firebase:firebase-auth:21.3.0] AndroidManifest.xml:38:27-73
162                <category android:name="android.intent.category.BROWSABLE" />
162-->[com.google.firebase:firebase-auth:21.3.0] AndroidManifest.xml:39:17-78
162-->[com.google.firebase:firebase-auth:21.3.0] AndroidManifest.xml:39:27-75
163
164                <data
164-->[com.google.firebase:firebase-auth:21.3.0] AndroidManifest.xml:41:17-44:51
165                    android:host="firebase.auth"
165-->[com.google.firebase:firebase-auth:21.3.0] AndroidManifest.xml:42:21-49
166                    android:path="/"
166-->[com.google.firebase:firebase-auth:21.3.0] AndroidManifest.xml:43:21-37
167                    android:scheme="recaptcha" />
167-->[com.google.firebase:firebase-auth:21.3.0] AndroidManifest.xml:44:21-48
168            </intent-filter>
169        </activity>
170        <activity
170-->[com.google.android.gms:play-services-auth:20.5.0] AndroidManifest.xml:23:9-27:75
171            android:name="com.google.android.gms.auth.api.signin.internal.SignInHubActivity"
171-->[com.google.android.gms:play-services-auth:20.5.0] AndroidManifest.xml:24:13-93
172            android:excludeFromRecents="true"
172-->[com.google.android.gms:play-services-auth:20.5.0] AndroidManifest.xml:25:13-46
173            android:exported="false"
173-->[com.google.android.gms:play-services-auth:20.5.0] AndroidManifest.xml:26:13-37
174            android:theme="@android:style/Theme.Translucent.NoTitleBar" />
174-->[com.google.android.gms:play-services-auth:20.5.0] AndroidManifest.xml:27:13-72
175        <!--
176            Service handling Google Sign-In user revocation. For apps that do not integrate with
177            Google Sign-In, this service will never be started.
178        -->
179        <service
179-->[com.google.android.gms:play-services-auth:20.5.0] AndroidManifest.xml:33:9-37:51
180            android:name="com.google.android.gms.auth.api.signin.RevocationBoundService"
180-->[com.google.android.gms:play-services-auth:20.5.0] AndroidManifest.xml:34:13-89
181            android:exported="true"
181-->[com.google.android.gms:play-services-auth:20.5.0] AndroidManifest.xml:35:13-36
182            android:permission="com.google.android.gms.auth.api.signin.permission.REVOCATION_NOTIFICATION"
182-->[com.google.android.gms:play-services-auth:20.5.0] AndroidManifest.xml:36:13-107
183            android:visibleToInstantApps="true" />
183-->[com.google.android.gms:play-services-auth:20.5.0] AndroidManifest.xml:37:13-48
184
185        <activity
185-->[com.google.android.gms:play-services-base:18.1.0] AndroidManifest.xml:20:9-22:45
186            android:name="com.google.android.gms.common.api.GoogleApiActivity"
186-->[com.google.android.gms:play-services-base:18.1.0] AndroidManifest.xml:20:19-85
187            android:exported="false"
187-->[com.google.android.gms:play-services-base:18.1.0] AndroidManifest.xml:22:19-43
188            android:theme="@android:style/Theme.Translucent.NoTitleBar" />
188-->[com.google.android.gms:play-services-base:18.1.0] AndroidManifest.xml:21:19-78
189
190        <provider
190-->[com.google.firebase:firebase-common:20.3.2] AndroidManifest.xml:25:9-30:39
191            android:name="com.google.firebase.provider.FirebaseInitProvider"
191-->[com.google.firebase:firebase-common:20.3.2] AndroidManifest.xml:26:13-77
192            android:authorities="com.example.formosafashionhub.firebaseinitprovider"
192-->[com.google.firebase:firebase-common:20.3.2] AndroidManifest.xml:27:13-72
193            android:directBootAware="true"
193-->[com.google.firebase:firebase-common:20.3.2] AndroidManifest.xml:28:13-43
194            android:exported="false"
194-->[com.google.firebase:firebase-common:20.3.2] AndroidManifest.xml:29:13-37
195            android:initOrder="100" />
195-->[com.google.firebase:firebase-common:20.3.2] AndroidManifest.xml:30:13-36
196
197        <meta-data
197-->[com.google.android.gms:play-services-basement:18.2.0] AndroidManifest.xml:21:9-23:69
198            android:name="com.google.android.gms.version"
198-->[com.google.android.gms:play-services-basement:18.2.0] AndroidManifest.xml:22:13-58
199            android:value="@integer/google_play_services_version" />
199-->[com.google.android.gms:play-services-basement:18.2.0] AndroidManifest.xml:23:13-66
200
201        <provider
201-->[androidx.emoji2:emoji2:1.2.0] AndroidManifest.xml:24:9-32:20
202            android:name="androidx.startup.InitializationProvider"
202-->[androidx.emoji2:emoji2:1.2.0] AndroidManifest.xml:25:13-67
203            android:authorities="com.example.formosafashionhub.androidx-startup"
203-->[androidx.emoji2:emoji2:1.2.0] AndroidManifest.xml:26:13-68
204            android:exported="false" >
204-->[androidx.emoji2:emoji2:1.2.0] AndroidManifest.xml:27:13-37
205            <meta-data
205-->[androidx.emoji2:emoji2:1.2.0] AndroidManifest.xml:29:13-31:52
206                android:name="androidx.emoji2.text.EmojiCompatInitializer"
206-->[androidx.emoji2:emoji2:1.2.0] AndroidManifest.xml:30:17-75
207                android:value="androidx.startup" />
207-->[androidx.emoji2:emoji2:1.2.0] AndroidManifest.xml:31:17-49
208            <meta-data
208-->[androidx.lifecycle:lifecycle-process:2.4.1] AndroidManifest.xml:31:13-33:52
209                android:name="androidx.lifecycle.ProcessLifecycleInitializer"
209-->[androidx.lifecycle:lifecycle-process:2.4.1] AndroidManifest.xml:32:17-78
210                android:value="androidx.startup" />
210-->[androidx.lifecycle:lifecycle-process:2.4.1] AndroidManifest.xml:33:17-49
211        </provider>
212        <provider
212-->[com.squareup.picasso:picasso:2.71828] AndroidManifest.xml:8:9-11:40
213            android:name="com.squareup.picasso.PicassoProvider"
213-->[com.squareup.picasso:picasso:2.71828] AndroidManifest.xml:9:13-64
214            android:authorities="com.example.formosafashionhub.com.squareup.picasso"
214-->[com.squareup.picasso:picasso:2.71828] AndroidManifest.xml:10:13-72
215            android:exported="false" />
215-->[com.squareup.picasso:picasso:2.71828] AndroidManifest.xml:11:13-37
216    </application>
217
218</manifest>